S3TransferUtilitySample/build/outputs/logs/manifest-merger-debug-report.txt
-- Merging decision tree log ---
manifest
ADDED from Senior_Design_Project/S3TransferUtilitySample/AndroidManifest.xml:1:1-47:12
INJECTED from Senior_Design_Project/S3TransferUtilitySample/AndroidManifest.xml:1:1-47:12
INJECTED from Senior_Design_Project/S3TransferUtilitySample/AndroidManifest.xml:1:1-47:12
INJECTED from Senior_Design_Project/S3TransferUtilitySample/AndroidManifest.xml:1:1-47:12
INJECTED from Senior_Design_Project/S3TransferUtilitySample/AndroidManifest.xml:1:1-47:12
	package
		ADDED from Senior_Design_Project/S3TransferUtilitySample/AndroidManifest.xml:2:5-51
	android:versionName
		ADDED from Senior_Design_Project/S3TransferUtilitySample/AndroidManifest.xml:4:5-30
		INJECTED from Senior_Design_Project/S3TransferUtilitySample/AndroidManifest.xml
		INJECTED from Senior_Design_Project/S3TransferUtilitySample/AndroidManifest.xml
	xmlns:android
		ADDED from Senior_Design_Project/S3TransferUtilitySample/AndroidManifest.xml:1:11-69
	android:versionCode
		ADDED from Senior_Design_Project/S3TransferUtilitySample/AndroidManifest.xml:3:5-28
		INJECTED from Senior_Design_Project/S3TransferUtilitySample/AndroidManifest.xml
		INJECTED from Senior_Design_Project/S3TransferUtilitySample/AndroidManifest.xml
uses-sdk
ADDED from Senior_Design_Project/S3TransferUtilitySample/AndroidManifest.xml:6:5-8:41
INJECTED from Senior_Design_Project/S3TransferUtilitySample/AndroidManifest.xml:6:5-8:41
INJECTED from Senior_Design_Project/S3TransferUtilitySample/AndroidManifest.xml:6:5-8:41
INJECTED from Senior_Design_Project/S3TransferUtilitySample/AndroidManifest.xml:6:5-8:41
INJECTED from Senior_Design_Project/S3TransferUtilitySample/AndroidManifest.xml:6:5-8:41
	android:targetSdkVersion
		ADDED from Senior_Design_Project/S3TransferUtilitySample/AndroidManifest.xml:8:9-38
		INJECTED from Senior_Design_Project/S3TransferUtilitySample/AndroidManifest.xml
		INJECTED from Senior_Design_Project/S3TransferUtilitySample/AndroidManifest.xml
	android:minSdkVersion
		ADDED from Senior_Design_Project/S3TransferUtilitySample/AndroidManifest.xml:7:9-35
		INJECTED from Senior_Design_Project/S3TransferUtilitySample/AndroidManifest.xml
		INJECTED from Senior_Design_Project/S3TransferUtilitySample/AndroidManifest.xml
uses-permission#android.permission.ACCESS_COARSE_LOCATION
ADDED from Senior_Design_Project/S3TransferUtilitySample/AndroidManifest.xml:10:5-81
	android:name
		ADDED from Senior_Design_Project/S3TransferUtilitySample/AndroidManifest.xml:10:22-78
uses-permission#android.permission.ACCESS_WIFI_STATE
ADDED from Senior_Design_Project/S3TransferUtilitySample/AndroidManifest.xml:11:5-76
	android:name
		ADDED from Senior_Design_Project/S3TransferUtilitySample/AndroidManifest.xml:11:22-73
uses-permission#android.permission.CHANGE_WIFI_STATE
ADDED from Senior_Design_Project/S3TransferUtilitySample/AndroidManifest.xml:13:5-76
	android:name
		ADDED from Senior_Design_Project/S3TransferUtilitySample/AndroidManifest.xml:13:22-73
uses-permission#android.permission.INTERNET
ADDED from Senior_Design_Project/S3TransferUtilitySample/AndroidManifest.xml:14:5-67
	android:name
		ADDED from Senior_Design_Project/S3TransferUtilitySample/AndroidManifest.xml:14:22-64
uses-permission#android.permission.ACCESS_NETWORK_STATE
ADDED from Senior_Design_Project/S3TransferUtilitySample/AndroidManifest.xml:15:5-79
	android:name
		ADDED from Senior_Design_Project/S3TransferUtilitySample/AndroidManifest.xml:15:22-76
uses-permission#android.permission.READ_EXTERNAL_STORAGE
ADDED from Senior_Design_Project/S3TransferUtilitySample/AndroidManifest.xml:18:5-80
	android:name
		ADDED from Senior_Design_Project/S3TransferUtilitySample/AndroidManifest.xml:18:22-77
uses-permission#android.permission.WRITE_EXTERNAL_STORAGE
ADDED from Senior_Design_Project/S3TransferUtilitySample/AndroidManifest.xml:19:5-81
	android:name
		ADDED from Senior_Design_Project/S3TransferUtilitySample/AndroidManifest.xml:19:22-78
application
ADDED from Senior_Design_Project/S3TransferUtilitySample/AndroidManifest.xml:21:5-45:19
	android:label
		ADDED from Senior_Design_Project/S3TransferUtilitySample/AndroidManifest.xml:24:9-41
	android:icon
		ADDED from Senior_Design_Project/S3TransferUtilitySample/AndroidManifest.xml:23:9-45
	android:allowBackup
		ADDED from Senior_Design_Project/S3TransferUtilitySample/AndroidManifest.xml:22:9-35
activity#com.amazonaws.demo.s3transferutility.MainActivity
ADDED from Senior_Design_Project/S3TransferUtilitySample/AndroidManifest.xml:25:9-31:20
	android:name
		ADDED from Senior_Design_Project/S3TransferUtilitySample/AndroidManifest.xml:25:19-83
intent-filter#android.intent.action.MAIN+android.intent.category.LAUNCHER
ADDED from Senior_Design_Project/S3TransferUtilitySample/AndroidManifest.xml:26:13-30:29
action#android.intent.action.MAIN
ADDED from Senior_Design_Project/S3TransferUtilitySample/AndroidManifest.xml:27:17-69
	android:name
		ADDED from Senior_Design_Project/S3TransferUtilitySample/AndroidManifest.xml:27:25-66
category#android.intent.category.LAUNCHER
ADDED from Senior_Design_Project/S3TransferUtilitySample/AndroidManifest.xml:29:17-77
	android:name
		ADDED from Senior_Design_Project/S3TransferUtilitySample/AndroidManifest.xml:29:27-74
activity#com.amazonaws.demo.s3transferutility.DownloadActivity
ADDED from Senior_Design_Project/S3TransferUtilitySample/AndroidManifest.xml:32:9-34:57
	android:label
		ADDED from Senior_Design_Project/S3TransferUtilitySample/AndroidManifest.xml:34:13-54
	android:name
		ADDED from Senior_Design_Project/S3TransferUtilitySample/AndroidManifest.xml:33:13-81
activity#com.amazonaws.demo.s3transferutility.UploadActivity
ADDED from Senior_Design_Project/S3TransferUtilitySample/AndroidManifest.xml:35:9-37:55
	android:label
		ADDED from Senior_Design_Project/S3TransferUtilitySample/AndroidManifest.xml:37:13-52
	android:name
		ADDED from Senior_Design_Project/S3TransferUtilitySample/AndroidManifest.xml:36:13-79
activity#com.amazonaws.demo.s3transferutility.DownloadSelectionActivity
ADDED from Senior_Design_Project/S3TransferUtilitySample/AndroidManifest.xml:38:9-40:67
	android:label
		ADDED from Senior_Design_Project/S3TransferUtilitySample/AndroidManifest.xml:40:13-64
	android:name
		ADDED from Senior_Design_Project/S3TransferUtilitySample/AndroidManifest.xml:39:13-90
service#com.amazonaws.mobileconnectors.s3.transferutility.TransferService
ADDED from Senior_Design_Project/S3TransferUtilitySample/AndroidManifest.xml:42:9-44:38
	android:enabled
		ADDED from Senior_Design_Project/S3TransferUtilitySample/AndroidManifest.xml:44:13-35
	android:name
		ADDED from Senior_Design_Project/S3TransferUtilitySample/AndroidManifest.xml:43:13-93